[0.057s] DEBUG:colcon:Command line arguments: ['/usr/bin/colcon', 'build', '--cmake-args', '-DCMAKE_CXX_STANDARD_LIBRARIES=-lusb-1.0']
[0.057s] DEBUG:colcon:Parsed command line arguments: Namespace(log_base=None, log_level=None, verb_name='build', build_base='build', install_base='install', merge_install=False, symlink_install=False, test_result_base=None, continue_on_error=False, executor='parallel', parallel_workers=22, event_handlers=None, ignore_user_meta=False, metas=['./colcon.meta'], base_paths=['.'], packages_ignore=None, packages_ignore_regex=None, paths=None, packages_up_to=None, packages_up_to_regex=None, packages_above=None, packages_above_and_dependencies=None, packages_above_depth=None, packages_select_by_dep=None, packages_skip_by_dep=None, packages_skip_up_to=None, packages_select_build_failed=False, packages_skip_build_finished=False, packages_select_test_failures=False, packages_skip_test_passed=False, packages_select=None, packages_skip=None, packages_select_regex=None, packages_skip_regex=None, packages_start=None, packages_end=None, allow_overriding=[], cmake_args=['-DCMAKE_CXX_STANDARD_LIBRARIES=-lusb-1.0'], cmake_target=None, cmake_target_skip_unavailable=False, cmake_clean_cache=False, cmake_clean_first=False, cmake_force_configure=False, ament_cmake_args=None, catkin_cmake_args=None, catkin_skip_building_tests=False, mixin_files=None, mixin=None, verb_parser=<colcon_mixin.mixin.mixin_argument.MixinArgumentDecorator object at 0x796783bdc040>, verb_extension=<colcon_core.verb.build.BuildVerb object at 0x796783b9b9d0>, main=<bound method BuildVerb.main of <colcon_core.verb.build.BuildVerb object at 0x796783b9b9d0>>, mixin_verb=('build',))
[0.144s] Level 1:colcon.colcon_core.package_discovery:discover_packages(colcon_meta) check parameters
[0.144s] Level 1:colcon.colcon_core.package_discovery:discover_packages(recursive) check parameters
[0.144s] Level 1:colcon.colcon_core.package_discovery:discover_packages(ignore) check parameters
[0.144s] Level 1:colcon.colcon_core.package_discovery:discover_packages(path) check parameters
[0.144s] Level 1:colcon.colcon_core.package_discovery:discover_packages(colcon_meta) discover
[0.144s] Level 1:colcon.colcon_core.package_discovery:discover_packages(recursive) discover
[0.144s] INFO:colcon.colcon_core.package_discovery:Crawling recursively for packages in '/home/atha/mqp_ws/src/ForceDimensionSDK/bin'
[0.144s] Level 1:colcon.colcon_core.package_identification:_identify(.) by extensions ['ignore', 'ignore_ament_install']
[0.144s] Level 1:colcon.colcon_core.package_identification:_identify(.) by extension 'ignore'
[0.144s] Level 1:colcon.colcon_core.package_identification:_identify(.) by extension 'ignore_ament_install'
[0.144s] Level 1:colcon.colcon_core.package_identification:_identify(.) by extensions ['colcon_pkg']
[0.144s] Level 1:colcon.colcon_core.package_identification:_identify(.) by extension 'colcon_pkg'
[0.144s] Level 1:colcon.colcon_core.package_identification:_identify(.) by extensions ['colcon_meta']
[0.144s] Level 1:colcon.colcon_core.package_identification:_identify(.) by extension 'colcon_meta'
[0.144s] Level 1:colcon.colcon_core.package_identification:_identify(.) by extensions ['ros']
[0.144s] Level 1:colcon.colcon_core.package_identification:_identify(.) by extension 'ros'
[0.150s] Level 1:colcon.colcon_core.package_identification:_identify(.) by extensions ['cmake', 'python']
[0.150s] Level 1:colcon.colcon_core.package_identification:_identify(.) by extension 'cmake'
[0.150s] Level 1:colcon.colcon_core.package_identification:_identify(.) by extension 'python'
[0.150s] Level 1:colcon.colcon_core.package_identification:_identify(.) by extensions ['python_setup_py']
[0.150s] Level 1:colcon.colcon_core.package_identification:_identify(.) by extension 'python_setup_py'
[0.150s] Level 1:colcon.colcon_core.package_identification:_identify(build) by extensions ['ignore', 'ignore_ament_install']
[0.150s] Level 1:colcon.colcon_core.package_identification:_identify(build) by extension 'ignore'
[0.150s] Level 1:colcon.colcon_core.package_identification:_identify(build) ignored
[0.150s] Level 1:colcon.colcon_core.package_identification:_identify(install) by extensions ['ignore', 'ignore_ament_install']
[0.150s] Level 1:colcon.colcon_core.package_identification:_identify(install) by extension 'ignore'
[0.150s] Level 1:colcon.colcon_core.package_identification:_identify(install) ignored
[0.150s] Level 1:colcon.colcon_core.package_identification:_identify(log) by extensions ['ignore', 'ignore_ament_install']
[0.151s] Level 1:colcon.colcon_core.package_identification:_identify(log) by extension 'ignore'
[0.151s] Level 1:colcon.colcon_core.package_identification:_identify(log) ignored
[0.151s] Level 1:colcon.colcon_core.package_identification:_identify(resources) by extensions ['ignore', 'ignore_ament_install']
[0.151s] Level 1:colcon.colcon_core.package_identification:_identify(resources) by extension 'ignore'
[0.151s] Level 1:colcon.colcon_core.package_identification:_identify(resources) by extension 'ignore_ament_install'
[0.151s] Level 1:colcon.colcon_core.package_identification:_identify(resources) by extensions ['colcon_pkg']
[0.151s] Level 1:colcon.colcon_core.package_identification:_identify(resources) by extension 'colcon_pkg'
[0.151s] Level 1:colcon.colcon_core.package_identification:_identify(resources) by extensions ['colcon_meta']
[0.151s] Level 1:colcon.colcon_core.package_identification:_identify(resources) by extension 'colcon_meta'
[0.151s] Level 1:colcon.colcon_core.package_identification:_identify(resources) by extensions ['ros']
[0.151s] Level 1:colcon.colcon_core.package_identification:_identify(resources) by extension 'ros'
[0.151s] Level 1:colcon.colcon_core.package_identification:_identify(resources) by extensions ['cmake', 'python']
[0.151s] Level 1:colcon.colcon_core.package_identification:_identify(resources) by extension 'cmake'
[0.151s] Level 1:colcon.colcon_core.package_identification:_identify(resources) by extension 'python'
[0.151s] Level 1:colcon.colcon_core.package_identification:_identify(resources) by extensions ['python_setup_py']
[0.151s] Level 1:colcon.colcon_core.package_identification:_identify(resources) by extension 'python_setup_py'
[0.151s] Level 1:colcon.colcon_core.package_identification:_identify(resources/fonts) by extensions ['ignore', 'ignore_ament_install']
[0.151s] Level 1:colcon.colcon_core.package_identification:_identify(resources/fonts) by extension 'ignore'
[0.151s] Level 1:colcon.colcon_core.package_identification:_identify(resources/fonts) by extension 'ignore_ament_install'
[0.151s] Level 1:colcon.colcon_core.package_identification:_identify(resources/fonts) by extensions ['colcon_pkg']
[0.151s] Level 1:colcon.colcon_core.package_identification:_identify(resources/fonts) by extension 'colcon_pkg'
[0.151s] Level 1:colcon.colcon_core.package_identification:_identify(resources/fonts) by extensions ['colcon_meta']
[0.151s] Level 1:colcon.colcon_core.package_identification:_identify(resources/fonts) by extension 'colcon_meta'
[0.151s] Level 1:colcon.colcon_core.package_identification:_identify(resources/fonts) by extensions ['ros']
[0.151s] Level 1:colcon.colcon_core.package_identification:_identify(resources/fonts) by extension 'ros'
[0.151s] Level 1:colcon.colcon_core.package_identification:_identify(resources/fonts) by extensions ['cmake', 'python']
[0.151s] Level 1:colcon.colcon_core.package_identification:_identify(resources/fonts) by extension 'cmake'
[0.151s] Level 1:colcon.colcon_core.package_identification:_identify(resources/fonts) by extension 'python'
[0.151s] Level 1:colcon.colcon_core.package_identification:_identify(resources/fonts) by extensions ['python_setup_py']
[0.151s] Level 1:colcon.colcon_core.package_identification:_identify(resources/fonts) by extension 'python_setup_py'
[0.151s] Level 1:colcon.colcon_core.package_identification:_identify(resources/icons) by extensions ['ignore', 'ignore_ament_install']
[0.151s] Level 1:colcon.colcon_core.package_identification:_identify(resources/icons) by extension 'ignore'
[0.151s] Level 1:colcon.colcon_core.package_identification:_identify(resources/icons) by extension 'ignore_ament_install'
[0.151s] Level 1:colcon.colcon_core.package_identification:_identify(resources/icons) by extensions ['colcon_pkg']
[0.151s] Level 1:colcon.colcon_core.package_identification:_identify(resources/icons) by extension 'colcon_pkg'
[0.151s] Level 1:colcon.colcon_core.package_identification:_identify(resources/icons) by extensions ['colcon_meta']
[0.151s] Level 1:colcon.colcon_core.package_identification:_identify(resources/icons) by extension 'colcon_meta'
[0.151s] Level 1:colcon.colcon_core.package_identification:_identify(resources/icons) by extensions ['ros']
[0.151s] Level 1:colcon.colcon_core.package_identification:_identify(resources/icons) by extension 'ros'
[0.151s] Level 1:colcon.colcon_core.package_identification:_identify(resources/icons) by extensions ['cmake', 'python']
[0.151s] Level 1:colcon.colcon_core.package_identification:_identify(resources/icons) by extension 'cmake'
[0.151s] Level 1:colcon.colcon_core.package_identification:_identify(resources/icons) by extension 'python'
[0.151s] Level 1:colcon.colcon_core.package_identification:_identify(resources/icons) by extensions ['python_setup_py']
[0.151s] Level 1:colcon.colcon_core.package_identification:_identify(resources/icons) by extension 'python_setup_py'
[0.151s] Level 1:colcon.colcon_core.package_identification:_identify(resources/images) by extensions ['ignore', 'ignore_ament_install']
[0.151s] Level 1:colcon.colcon_core.package_identification:_identify(resources/images) by extension 'ignore'
[0.152s] Level 1:colcon.colcon_core.package_identification:_identify(resources/images) by extension 'ignore_ament_install'
[0.152s] Level 1:colcon.colcon_core.package_identification:_identify(resources/images) by extensions ['colcon_pkg']
[0.152s] Level 1:colcon.colcon_core.package_identification:_identify(resources/images) by extension 'colcon_pkg'
[0.152s] Level 1:colcon.colcon_core.package_identification:_identify(resources/images) by extensions ['colcon_meta']
[0.152s] Level 1:colcon.colcon_core.package_identification:_identify(resources/images) by extension 'colcon_meta'
[0.152s] Level 1:colcon.colcon_core.package_identification:_identify(resources/images) by extensions ['ros']
[0.152s] Level 1:colcon.colcon_core.package_identification:_identify(resources/images) by extension 'ros'
[0.152s] Level 1:colcon.colcon_core.package_identification:_identify(resources/images) by extensions ['cmake', 'python']
[0.152s] Level 1:colcon.colcon_core.package_identification:_identify(resources/images) by extension 'cmake'
[0.152s] Level 1:colcon.colcon_core.package_identification:_identify(resources/images) by extension 'python'
[0.152s] Level 1:colcon.colcon_core.package_identification:_identify(resources/images) by extensions ['python_setup_py']
[0.152s] Level 1:colcon.colcon_core.package_identification:_identify(resources/images) by extension 'python_setup_py'
[0.152s] Level 1:colcon.colcon_core.package_identification:_identify(resources/models) by extensions ['ignore', 'ignore_ament_install']
[0.152s] Level 1:colcon.colcon_core.package_identification:_identify(resources/models) by extension 'ignore'
[0.152s] Level 1:colcon.colcon_core.package_identification:_identify(resources/models) by extension 'ignore_ament_install'
[0.152s] Level 1:colcon.colcon_core.package_identification:_identify(resources/models) by extensions ['colcon_pkg']
[0.152s] Level 1:colcon.colcon_core.package_identification:_identify(resources/models) by extension 'colcon_pkg'
[0.152s] Level 1:colcon.colcon_core.package_identification:_identify(resources/models) by extensions ['colcon_meta']
[0.152s] Level 1:colcon.colcon_core.package_identification:_identify(resources/models) by extension 'colcon_meta'
[0.152s] Level 1:colcon.colcon_core.package_identification:_identify(resources/models) by extensions ['ros']
[0.152s] Level 1:colcon.colcon_core.package_identification:_identify(resources/models) by extension 'ros'
[0.152s] Level 1:colcon.colcon_core.package_identification:_identify(resources/models) by extensions ['cmake', 'python']
[0.152s] Level 1:colcon.colcon_core.package_identification:_identify(resources/models) by extension 'cmake'
[0.152s] Level 1:colcon.colcon_core.package_identification:_identify(resources/models) by extension 'python'
[0.152s] Level 1:colcon.colcon_core.package_identification:_identify(resources/models) by extensions ['python_setup_py']
[0.152s] Level 1:colcon.colcon_core.package_identification:_identify(resources/models) by extension 'python_setup_py'
[0.152s] Level 1:colcon.colcon_core.package_identification:_identify(resources/models/base) by extensions ['ignore', 'ignore_ament_install']
[0.152s] Level 1:colcon.colcon_core.package_identification:_identify(resources/models/base) by extension 'ignore'
[0.152s] Level 1:colcon.colcon_core.package_identification:_identify(resources/models/base) by extension 'ignore_ament_install'
[0.152s] Level 1:colcon.colcon_core.package_identification:_identify(resources/models/base) by extensions ['colcon_pkg']
[0.152s] Level 1:colcon.colcon_core.package_identification:_identify(resources/models/base) by extension 'colcon_pkg'
[0.152s] Level 1:colcon.colcon_core.package_identification:_identify(resources/models/base) by extensions ['colcon_meta']
[0.152s] Level 1:colcon.colcon_core.package_identification:_identify(resources/models/base) by extension 'colcon_meta'
[0.152s] Level 1:colcon.colcon_core.package_identification:_identify(resources/models/base) by extensions ['ros']
[0.152s] Level 1:colcon.colcon_core.package_identification:_identify(resources/models/base) by extension 'ros'
[0.152s] Level 1:colcon.colcon_core.package_identification:_identify(resources/models/base) by extensions ['cmake', 'python']
[0.152s] Level 1:colcon.colcon_core.package_identification:_identify(resources/models/base) by extension 'cmake'
[0.152s] Level 1:colcon.colcon_core.package_identification:_identify(resources/models/base) by extension 'python'
[0.152s] Level 1:colcon.colcon_core.package_identification:_identify(resources/models/base) by extensions ['python_setup_py']
[0.152s] Level 1:colcon.colcon_core.package_identification:_identify(resources/models/base) by extension 'python_setup_py'
[0.152s] Level 1:colcon.colcon_core.package_identification:_identify(resources/models/box) by extensions ['ignore', 'ignore_ament_install']
[0.152s] Level 1:colcon.colcon_core.package_identification:_identify(resources/models/box) by extension 'ignore'
[0.152s] Level 1:colcon.colcon_core.package_identification:_identify(resources/models/box) by extension 'ignore_ament_install'
[0.152s] Level 1:colcon.colcon_core.package_identification:_identify(resources/models/box) by extensions ['colcon_pkg']
[0.152s] Level 1:colcon.colcon_core.package_identification:_identify(resources/models/box) by extension 'colcon_pkg'
[0.152s] Level 1:colcon.colcon_core.package_identification:_identify(resources/models/box) by extensions ['colcon_meta']
[0.152s] Level 1:colcon.colcon_core.package_identification:_identify(resources/models/box) by extension 'colcon_meta'
[0.152s] Level 1:colcon.colcon_core.package_identification:_identify(resources/models/box) by extensions ['ros']
[0.152s] Level 1:colcon.colcon_core.package_identification:_identify(resources/models/box) by extension 'ros'
[0.152s] Level 1:colcon.colcon_core.package_identification:_identify(resources/models/box) by extensions ['cmake', 'python']
[0.152s] Level 1:colcon.colcon_core.package_identification:_identify(resources/models/box) by extension 'cmake'
[0.153s] Level 1:colcon.colcon_core.package_identification:_identify(resources/models/box) by extension 'python'
[0.153s] Level 1:colcon.colcon_core.package_identification:_identify(resources/models/box) by extensions ['python_setup_py']
[0.153s] Level 1:colcon.colcon_core.package_identification:_identify(resources/models/box) by extension 'python_setup_py'
[0.153s] Level 1:colcon.colcon_core.package_discovery:discover_packages(recursive) using defaults
[0.153s] Level 1:colcon.colcon_core.package_discovery:discover_packages(ignore) discover
[0.153s] Level 1:colcon.colcon_core.package_discovery:discover_packages(ignore) using defaults
[0.153s] Level 1:colcon.colcon_core.package_discovery:discover_packages(path) discover
[0.153s] Level 1:colcon.colcon_core.package_discovery:discover_packages(path) using defaults
[0.168s] Level 1:colcon.colcon_core.package_discovery:discover_packages(prefix_path) check parameters
[0.169s] Level 1:colcon.colcon_core.package_discovery:discover_packages(prefix_path) discover
[0.170s] DEBUG:colcon.colcon_installed_package_information.package_discovery:Found 7 installed packages in /home/atha/mqp_ws/install
[0.170s] DEBUG:colcon.colcon_installed_package_information.package_discovery:Found 7 installed packages in /home/atha/hw_ws/install
[0.171s] DEBUG:colcon.colcon_installed_package_information.package_discovery:Found 347 installed packages in /opt/ros/humble
[0.172s] Level 1:colcon.colcon_core.package_discovery:discover_packages(prefix_path) using defaults
[0.194s] INFO:colcon.colcon_core.executor:Executing jobs using 'parallel' executor
[0.196s] DEBUG:colcon.colcon_parallel_executor.executor.parallel:run_until_complete
[0.196s] DEBUG:colcon.colcon_parallel_executor.executor.parallel:closing loop
[0.196s] DEBUG:colcon.colcon_parallel_executor.executor.parallel:loop closed
[0.196s] DEBUG:colcon.colcon_parallel_executor.executor.parallel:run_until_complete finished with '0'
[0.196s] DEBUG:colcon.colcon_core.event_reactor:joining thread
[0.202s] INFO:colcon.colcon_core.plugin_system:Skipping extension 'colcon_notification.desktop_notification.terminal_notifier': Not used on non-Darwin systems
[0.202s] INFO:colcon.colcon_core.plugin_system:Skipping extension 'colcon_notification.desktop_notification.win32': Not used on non-Windows systems
[0.202s] INFO:colcon.colcon_notification.desktop_notification:Sending desktop notification using 'notify2'
[0.214s] DEBUG:colcon.colcon_core.event_reactor:joined thread
[0.216s] INFO:colcon.colcon_core.plugin_system:Skipping extension 'colcon_core.shell.bat': Not used on non-Windows systems
[0.216s] INFO:colcon.colcon_core.shell:Creating prefix script '/home/atha/mqp_ws/src/ForceDimensionSDK/bin/install/local_setup.ps1'
[0.217s] INFO:colcon.colcon_core.shell:Creating prefix util module '/home/atha/mqp_ws/src/ForceDimensionSDK/bin/install/_local_setup_util_ps1.py'
[0.218s] INFO:colcon.colcon_core.shell:Creating prefix chain script '/home/atha/mqp_ws/src/ForceDimensionSDK/bin/install/setup.ps1'
[0.219s] INFO:colcon.colcon_core.shell:Creating prefix script '/home/atha/mqp_ws/src/ForceDimensionSDK/bin/install/local_setup.sh'
[0.219s] INFO:colcon.colcon_core.shell:Creating prefix util module '/home/atha/mqp_ws/src/ForceDimensionSDK/bin/install/_local_setup_util_sh.py'
[0.219s] INFO:colcon.colcon_core.shell:Creating prefix chain script '/home/atha/mqp_ws/src/ForceDimensionSDK/bin/install/setup.sh'
[0.220s] INFO:colcon.colcon_core.shell:Creating prefix script '/home/atha/mqp_ws/src/ForceDimensionSDK/bin/install/local_setup.bash'
[0.220s] INFO:colcon.colcon_core.shell:Creating prefix chain script '/home/atha/mqp_ws/src/ForceDimensionSDK/bin/install/setup.bash'
[0.221s] INFO:colcon.colcon_core.shell:Creating prefix script '/home/atha/mqp_ws/src/ForceDimensionSDK/bin/install/local_setup.zsh'
[0.221s] INFO:colcon.colcon_core.shell:Creating prefix chain script '/home/atha/mqp_ws/src/ForceDimensionSDK/bin/install/setup.zsh'
